<?xml version="1.0" encoding="UTF-8"?>
<!-- Generated by org.testng.reporters.JUnitReportReporter -->
<testsuite hostname="Abhinav" failures="0" tests="2" name="justdial.car" time="14.984" errors="0" timestamp="2021-07-01T13:10:06 IST" skipped="0">
  <testcase classname="justdial.car" name="initiate" time="4.864"/>
  <system-out/>
  <testcase classname="justdial.car" name="search" time="10.120"/>
  <system-out/>
</testsuite> <!-- justdial.car -->
