<?xml version="1.0" encoding="UTF-8"?>
<!-- Generated by org.testng.reporters.JUnitReportReporter -->
<testsuite hostname="Abhinav" failures="0" tests="2" name="justdial.car" time="14.325" errors="0" timestamp="2021-07-01T12:13:33 IST" skipped="0">
  <testcase classname="justdial.car" name="initiate" time="4.448"/>
  <system-out/>
  <testcase classname="justdial.car" name="search" time="9.877"/>
  <system-out/>
</testsuite> <!-- justdial.car -->
